<?xml version="1.0" encoding="UTF-8"?>
<!-- Generated by org.testng.reporters.JUnitReportReporter -->
<testsuite skipped="0" hostname="josealvarez-VirtualBox" name="compiler.compiler.CompilerTest" tests="8" failures="0" timestamp="13 nov 2017 22:23:33 GMT" time="2.086" errors="0">
  <testcase name="runningCode_outputsExpectedText" time="0.143" classname="compiler.compiler.CompilerTest"/>
  <testcase name="runningCode_outputsExpectedText" time="0.180" classname="compiler.compiler.CompilerTest"/>
  <testcase name="runningCode_outputsExpectedText" time="0.215" classname="compiler.compiler.CompilerTest"/>
  <testcase name="runningCode_outputsExpectedText" time="0.197" classname="compiler.compiler.CompilerTest"/>
  <testcase name="runningCode_outputsExpectedText" time="0.146" classname="compiler.compiler.CompilerTest"/>
  <testcase name="runningCode_outputsExpectedText" time="0.205" classname="compiler.compiler.CompilerTest"/>
  <testcase name="runningCode_outputsExpectedText" time="0.177" classname="compiler.compiler.CompilerTest"/>
  <testcase name="runningCode_outputsExpectedText" time="0.823" classname="compiler.compiler.CompilerTest"/>
</testsuite> <!-- compiler.compiler.CompilerTest -->
