<?xml version="1.0" encoding="UTF-8"?>
<!-- Generated by org.testng.reporters.JUnitReportReporter -->
<testsuite skipped="0" hostname="josealvarez-VirtualBox" name="compiler.compiler.CompilerTest" tests="3" failures="0" timestamp="13 nov 2017 02:23:43 GMT" time="0.903" errors="0">
  <testcase name="runningCode_outputsExpectedText" time="0.192" classname="compiler.compiler.CompilerTest"/>
  <testcase name="runningCode_outputsExpectedText" time="0.577" classname="compiler.compiler.CompilerTest"/>
  <testcase name="runningCode_outputsExpectedText" time="0.134" classname="compiler.compiler.CompilerTest"/>
</testsuite> <!-- compiler.compiler.CompilerTest -->
